ISim log file
Running: /home/griseous/Documents/csse232/Milestone6/work/top_test_isim_beh.exe -intstyle ise -gui -tclbatch isim.cmd -wdb /home/griseous/Documents/csse232/Milestone6/work/top_test_isim_beh.wdb 
INFO: There is another simulation running in the same directory. Using database file name isim4.wdb.
ISim P.20131013 (signature 0xfbc00daa)
----------------------------------------------------------------------
INFO:Security:50 - The XILINXD_LICENSE_FILE environment variable is set to '2100@clive.csse.rose-hulman.edu'.
INFO:Security:53 - The LM_LICENSE_FILE environment variable is not set.
WARNING:Security:43 - No license file was found in the standard Xilinx license directory.
WARNING:Security:44 - Since no license file was found,
       please run the Xilinx License Configuration Manager
       (xlcm or "Manage Xilinx Licenses")
       to assist in obtaining a license.
WARNING:Security:42 - Your software subscription period has lapsed. Your current version of Xilinx tools will continue to function, but you no longer qualify for Xilinx software updates or new releases.


----------------------------------------------------------------------
This is a Full version of ISim.
WARNING:  For instance uut/ALUSrcBMux/, width 16 of formal port in2 is not equal to width 32 of actual constant.
Time resolution is 1 ps
# onerror resume
# wave add /
# run 1000 ns
Simulator is doing circuit initialization process.
Finished circuit initialization process.
Output:     5
Output:     0
add
add
add
add
add
add
add
add
add
# exit 0
# exit 0
